The initialized work sheet is :
IC 13 2 5 3 17
0 1 1 0 1 0 0 0 0 0 0 0 1 0 0 0 1 0 0 0 0 0 0 0 0 0 0 0 0 0 0 0 0 0 0 0 0 0 0 0 0 0 0 0 0 0 0 0 0 0 
1001 65536 1002 65536 1003 1004 65536 1005 1006 1007 1008 1009 1010 1011 1012 65536 1013 1014 1015 1016 65536 1017 1018 1019 1020 0 0 0 0 0 0 0 0 0 0 
2001 85899345940 2002 85899345940 2003 2004 85899345940 2005 2006 2007 2008 2009 2010 2011 2012 85899345940 2013 2014 2015 2016 85899345940 2017 2018 2019 2020 0 0 0 0 0 0 0 0 0 0 
3001 7156346742989407076 3002 7156346742989407076 3003 3004 7156346742989407076 3005 3006 3007 3008 3009 3010 3011 3012 7156346742989407076 3013 3014 3015 3016 7156346742989407076 3017 3018 3019 3020 0 0 0 0 0 0 0 0 0 0 
4001 1254130451096 4002 1254130451096 4003 4004 1254130451096 4005 4006 4007 4008 4009 4010 4011 4012 1254130451096 4013 4014 4015 4016 1254130451096 4017 4018 4019 4020 0 0 0 0 0 0 0 0 0 0 
5001 137438954389 5002 137438954389 5003 5004 137438954389 5005 5006 5007 5008 5009 5010 5011 5012 137438954389 5013 5014 5015 5016 137438954389 5017 5018 5019 5020 0 0 0 0 0 0 0 0 0 0 
6001 72057598332895496 6002 72057598332895496 6003 6004 72057598332895496 6005 6006 6007 6008 6009 6010 6011 6012 72057598332895496 6013 6014 6015 6016 72057598332895496 6017 6018 6019 6020 0 0 0 0 0 0 0 0 0 0 
7001 8391735957915918175 7002 8391735957915918175 7003 7004 8391735957915918175 7005 7006 7007 7008 7009 7010 7011 7012 8391735957915918175 7013 7014 7015 7016 8391735957915918175 7017 7018 7019 7020 0 0 0 0 0 0 0 0 0 0 
8001 31294524180489268 8002 31294524180489268 8003 8004 31294524180489268 8005 8006 8007 8008 8009 8010 8011 8012 31294524180489268 8013 8014 8015 8016 31294524180489268 8017 8018 8019 8020 0 0 0 0 0 0 0 0 0 0 
9001 0 9002 0 9003 9004 0 9005 9006 9007 9008 9009 9010 9011 9012 0 9013 9014 9015 9016 0 9017 9018 9019 9020 0 0 0 0 0 0 0 0 0 0 
10001 0 10002 0 10003 10004 0 10005 10006 10007 10008 10009 10010 10011 10012 0 10013 10014 10015 10016 0 10017 10018 10019 10020 0 0 0 0 0 0 0 0 0 0 
11001 0 11002 0 11003 11004 0 11005 11006 11007 11008 11009 11010 11011 11012 0 11013 11014 11015 11016 0 11017 11018 11019 11020 0 0 0 0 0 0 0 0 0 0 
12001 0 12002 0 12003 12004 0 12005 12006 12007 12008 12009 12010 12011 12012 0 12013 12014 12015 12016 0 12017 12018 12019 12020 0 0 0 0 0 0 0 0 0 0 
13001 0 13002 0 13003 13004 0 13005 13006 13007 13008 13009 13010 13011 13012 0 13013 13014 13015 13016 0 13017 13018 13019 13020 0 0 0 0 0 0 0 0 0 0 
14001 0 14002 0 14003 14004 0 14005 14006 14007 14008 14009 14010 14011 14012 0 14013 14014 14015 14016 0 14017 14018 14019 14020 0 0 0 0 0 0 0 0 0 0 
15001 0 15002 0 15003 15004 0 15005 15006 15007 15008 15009 15010 15011 15012 0 15013 15014 15015 15016 0 15017 15018 15019 15020 0 0 0 0 0 0 0 0 0 0 
16001 0 16002 0 16003 16004 0 16005 16006 16007 16008 16009 16010 16011 16012 0 16013 16014 16015 16016 0 16017 16018 16019 16020 0 0 0 0 0 0 0 0 0 0 
17001 0 17002 0 17003 17004 0 17005 17006 17007 17008 17009 17010 17011 17012 0 17013 17014 17015 17016 0 17017 17018 17019 17020 0 0 0 0 0 0 0 0 0 0 
18001 0 18002 0 18003 18004 0 18005 18006 18007 18008 18009 18010 18011 18012 0 18013 18014 18015 18016 0 18017 18018 18019 18020 0 0 0 0 0 0 0 0 0 0 
19001 0 19002 0 19003 19004 0 19005 19006 19007 19008 19009 19010 19011 19012 0 19013 19014 19015 19016 0 19017 19018 19019 19020 0 0 0 0 0 0 0 0 0 0 
20001 0 20002 0 20003 20004 0 20005 20006 20007 20008 20009 20010 20011 20012 0 20013 20014 20015 20016 0 20017 20018 20019 20020 0 0 0 0 0 0 0 0 0 0 
21001 0 21002 0 21003 21004 0 21005 21006 21007 21008 21009 21010 21011 21012 0 21013 21014 21015 21016 0 21017 21018 21019 21020 0 0 0 0 0 0 0 0 0 0 
22001 0 22002 0 22003 22004 0 22005 22006 22007 22008 22009 22010 22011 22012 0 22013 22014 22015 22016 0 22017 22018 22019 22020 0 0 0 0 0 0 0 0 0 0 
23001 0 23002 0 23003 23004 0 23005 23006 23007 23008 23009 23010 23011 23012 0 23013 23014 23015 23016 0 23017 23018 23019 23020 0 0 0 0 0 0 0 0 0 0 
24001 0 24002 0 24003 24004 0 24005 24006 24007 24008 24009 24010 24011 24012 0 24013 24014 24015 24016 0 24017 24018 24019 24020 0 0 0 0 0 0 0 0 0 0 
25001 0 25002 0 25003 25004 0 25005 25006 25007 25008 25009 25010 25011 25012 0 25013 25014 25015 25016 0 25017 25018 25019 25020 0 0 0 0 0 0 0 0 0 0 
26001 0 26002 0 26003 26004 0 26005 26006 26007 26008 26009 26010 26011 26012 0 26013 26014 26015 26016 0 26017 26018 26019 26020 0 0 0 0 0 0 0 0 0 0 
27001 0 27002 0 27003 27004 0 27005 27006 27007 27008 27009 27010 27011 27012 0 27013 27014 27015 27016 0 27017 27018 27019 27020 0 0 0 0 0 0 0 0 0 0 
28001 0 28002 0 28003 28004 0 28005 28006 28007 28008 28009 28010 28011 28012 0 28013 28014 28015 28016 0 28017 28018 28019 28020 0 0 0 0 0 0 0 0 0 0 
29001 0 29002 0 29003 29004 0 29005 29006 29007 29008 29009 29010 29011 29012 0 29013 29014 29015 29016 0 29017 29018 29019 29020 0 0 0 0 0 0 0 0 0 0 
30001 0 30002 0 30003 30004 0 30005 30006 30007 30008 30009 30010 30011 30012 0 30013 30014 30015 30016 0 30017 30018 30019 30020 0 0 0 0 0 0 0 0 0 0 
31001 0 31002 0 31003 31004 0 31005 31006 31007 31008 31009 31010 31011 31012 0 31013 31014 31015 31016 0 31017 31018 31019 31020 0 0 0 0 0 0 0 0 0 0 
32001 0 32002 0 32003 32004 0 32005 32006 32007 32008 32009 32010 32011 32012 0 32013 32014 32015 32016 0 32017 32018 32019 32020 0 0 0 0 0 0 0 0 0 0 
33001 140735077994276 33002 140735077994276 33003 33004 140735077994276 33005 33006 33007 33008 33009 33010 33011 33012 140735077994276 33013 33014 33015 33016 140735077994276 33017 33018 33019 33020 0 0 0 0 0 0 0 0 0 0 
34001 0 34002 0 34003 34004 0 34005 34006 34007 34008 34009 34010 34011 34012 0 34013 34014 34015 34016 0 34017 34018 34019 34020 0 0 0 0 0 0 0 0 0 0 
35001 0 35002 0 35003 35004 0 35005 35006 35007 35008 35009 35010 35011 35012 0 35013 35014 35015 35016 0 35017 35018 35019 35020 0 0 0 0 0 0 0 0 0 0 
IR 9 13 15 14
0 0 0 0 0 0 0 0 1 0 0 0 1 1 1 0 0 0 0 0 0 0 0 0 0 0 0 0 0 0 0 0 0 0 0 0 0 0 0 0 0 0 0 0 0 0 0 0 0 0 
1001 65536 1002 65536 1003 1004 65536 1005 1006 1007 1008 1009 1010 1011 1012 65536 1013 1014 1015 1016 65536 1017 1018 1019 1020 0 0 0 0 0 0 0 0 0 0 
2001 85899345940 2002 85899345940 2003 2004 85899345940 2005 2006 2007 2008 2009 2010 2011 2012 85899345940 2013 2014 2015 2016 85899345940 2017 2018 2019 2020 0 0 0 0 0 0 0 0 0 0 
3001 7156346742989407076 3002 7156346742989407076 3003 3004 7156346742989407076 3005 3006 3007 3008 3009 3010 3011 3012 7156346742989407076 3013 3014 3015 3016 7156346742989407076 3017 3018 3019 3020 0 0 0 0 0 0 0 0 0 0 
4001 1254130451096 4002 1254130451096 4003 4004 1254130451096 4005 4006 4007 4008 4009 4010 4011 4012 1254130451096 4013 4014 4015 4016 1254130451096 4017 4018 4019 4020 0 0 0 0 0 0 0 0 0 0 
5001 137438954389 5002 137438954389 5003 5004 137438954389 5005 5006 5007 5008 5009 5010 5011 5012 137438954389 5013 5014 5015 5016 137438954389 5017 5018 5019 5020 0 0 0 0 0 0 0 0 0 0 
6001 72057598332895496 6002 72057598332895496 6003 6004 72057598332895496 6005 6006 6007 6008 6009 6010 6011 6012 72057598332895496 6013 6014 6015 6016 72057598332895496 6017 6018 6019 6020 0 0 0 0 0 0 0 0 0 0 
7001 8391735957915918175 7002 8391735957915918175 7003 7004 8391735957915918175 7005 7006 7007 7008 7009 7010 7011 7012 8391735957915918175 7013 7014 7015 7016 8391735957915918175 7017 7018 7019 7020 0 0 0 0 0 0 0 0 0 0 
8001 31294524180489268 8002 31294524180489268 8003 8004 31294524180489268 8005 8006 8007 8008 8009 8010 8011 8012 31294524180489268 8013 8014 8015 8016 31294524180489268 8017 8018 8019 8020 0 0 0 0 0 0 0 0 0 0 
65536 65536 65536 65536 65536 65536 65536 65536 65536 65536 65536 65536 65536 65536 65536 65536 65536 65536 65536 65536 65536 65536 65536 65536 65536 65536 65536 65536 65536 65536 65536 65536 65536 65536 65536 
9001 0 9002 0 9003 9004 0 9005 9006 9007 9008 9009 9010 9011 9012 0 9013 9014 9015 9016 0 9017 9018 9019 9020 0 0 0 0 0 0 0 0 0 0 
10001 0 10002 0 10003 10004 0 10005 10006 10007 10008 10009 10010 10011 10012 0 10013 10014 10015 10016 0 10017 10018 10019 10020 0 0 0 0 0 0 0 0 0 0 
11001 0 11002 0 11003 11004 0 11005 11006 11007 11008 11009 11010 11011 11012 0 11013 11014 11015 11016 0 11017 11018 11019 11020 0 0 0 0 0 0 0 0 0 0 
12001 0 12002 0 12003 12004 0 12005 12006 12007 12008 12009 12010 12011 12012 0 12013 12014 12015 12016 0 12017 12018 12019 12020 0 0 0 0 0 0 0 0 0 0 
65536 65536 65536 65536 65536 65536 65536 65536 65536 65536 65536 65536 65536 65536 65536 65536 65536 65536 65536 65536 65536 65536 65536 65536 65536 65536 65536 65536 65536 65536 65536 65536 65536 65536 65536 
13001 0 13002 0 13003 13004 0 13005 13006 13007 13008 13009 13010 13011 13012 0 13013 13014 13015 13016 0 13017 13018 13019 13020 0 0 0 0 0 0 0 0 0 0 
65536 65536 65536 65536 65536 65536 65536 65536 65536 65536 65536 65536 65536 65536 65536 65536 65536 65536 65536 65536 65536 65536 65536 65536 65536 65536 65536 65536 65536 65536 65536 65536 65536 65536 65536 
14001 0 14002 0 14003 14004 0 14005 14006 14007 14008 14009 14010 14011 14012 0 14013 14014 14015 14016 0 14017 14018 14019 14020 0 0 0 0 0 0 0 0 0 0 
65536 65536 65536 65536 65536 65536 65536 65536 65536 65536 65536 65536 65536 65536 65536 65536 65536 65536 65536 65536 65536 65536 65536 65536 65536 65536 65536 65536 65536 65536 65536 65536 65536 65536 65536 
15001 0 15002 0 15003 15004 0 15005 15006 15007 15008 15009 15010 15011 15012 0 15013 15014 15015 15016 0 15017 15018 15019 15020 0 0 0 0 0 0 0 0 0 0 
16001 0 16002 0 16003 16004 0 16005 16006 16007 16008 16009 16010 16011 16012 0 16013 16014 16015 16016 0 16017 16018 16019 16020 0 0 0 0 0 0 0 0 0 0 
17001 0 17002 0 17003 17004 0 17005 17006 17007 17008 17009 17010 17011 17012 0 17013 17014 17015 17016 0 17017 17018 17019 17020 0 0 0 0 0 0 0 0 0 0 
18001 0 18002 0 18003 18004 0 18005 18006 18007 18008 18009 18010 18011 18012 0 18013 18014 18015 18016 0 18017 18018 18019 18020 0 0 0 0 0 0 0 0 0 0 
19001 0 19002 0 19003 19004 0 19005 19006 19007 19008 19009 19010 19011 19012 0 19013 19014 19015 19016 0 19017 19018 19019 19020 0 0 0 0 0 0 0 0 0 0 
20001 0 20002 0 20003 20004 0 20005 20006 20007 20008 20009 20010 20011 20012 0 20013 20014 20015 20016 0 20017 20018 20019 20020 0 0 0 0 0 0 0 0 0 0 
0 0 0 0 0 0 0 0 0 0 0 0 0 0 0 0 0 0 0 0 0 0 0 0 0 0 0 0 0 0 0 0 0 0 0 
0 0 0 0 0 0 0 0 0 0 0 0 0 0 0 0 0 0 0 0 0 0 0 0 0 0 0 0 0 0 0 0 0 0 0 
0 0 0 0 0 0 0 0 0 0 0 0 0 0 0 0 0 0 0 0 0 0 0 0 0 0 0 0 0 0 0 0 0 0 0 
0 0 0 0 0 0 0 0 0 0 0 0 0 0 0 0 0 0 0 0 0 0 0 0 0 0 0 0 0 0 0 0 0 0 0 
0 0 0 0 0 0 0 0 0 0 0 0 0 0 0 0 0 0 0 0 0 0 0 0 0 0 0 0 0 0 0 0 0 0 0 
0 0 0 0 0 0 0 0 0 0 0 0 0 0 0 0 0 0 0 0 0 0 0 0 0 0 0 0 0 0 0 0 0 0 0 
0 0 0 0 0 0 0 0 0 0 0 0 0 0 0 0 0 0 0 0 0 0 0 0 0 0 0 0 0 0 0 0 0 0 0 
0 0 0 0 0 0 0 0 0 0 0 0 0 0 0 0 0 0 0 0 0 0 0 0 0 0 0 0 0 0 0 0 0 0 0 
0 0 0 0 0 0 0 0 0 0 0 0 0 0 0 0 0 0 0 0 0 0 0 0 0 0 0 0 0 0 0 0 0 0 0 
0 0 0 0 0 0 0 0 0 0 0 0 0 0 0 0 0 0 0 0 0 0 0 0 0 0 0 0 0 0 0 0 0 0 0 
0 0 0 0 0 0 0 0 0 0 0 0 0 0 0 0 0 0 0 0 0 0 0 0 0 0 0 0 0 0 0 0 0 0 0 
EX 5 1 17 8 72057598332895496 65536 65536 72057598332895496
1001 65536 1002 65536 1003 1004 65536 1005 1006 1007 1008 1009 1010 1011 1012 65536 1013 1014 1015 1016 65536 1017 1018 1019 1020 0 0 0 0 0 0 0 0 0 0 
2001 85899345940 2002 85899345940 2003 2004 85899345940 2005 2006 2007 2008 2009 2010 2011 2012 85899345940 2013 2014 2015 2016 85899345940 2017 2018 2019 2020 0 0 0 0 0 0 0 0 0 0 
3001 7156346742989407076 3002 7156346742989407076 3003 3004 7156346742989407076 3005 3006 3007 3008 3009 3010 3011 3012 7156346742989407076 3013 3014 3015 3016 7156346742989407076 3017 3018 3019 3020 0 0 0 0 0 0 0 0 0 0 
4001 1254130451096 4002 1254130451096 4003 4004 1254130451096 4005 4006 4007 4008 4009 4010 4011 4012 1254130451096 4013 4014 4015 4016 1254130451096 4017 4018 4019 4020 0 0 0 0 0 0 0 0 0 0 
5001 137438954389 5002 137438954389 5003 5004 137438954389 5005 5006 5007 5008 5009 5010 5011 5012 137438954389 5013 5014 5015 5016 137438954389 5017 5018 5019 5020 0 0 0 0 0 0 0 0 0 0 
6001 65536 6002 72057598332895496 6003 6004 72057598332895496 6005 6006 6007 6008 6009 6010 6011 6012 72057598332895496 6013 6014 6015 6016 72057598332895496 6017 6018 6019 6020 0 0 0 0 0 0 0 0 0 0 
7001 8391735957915918175 7002 8391735957915918175 7003 7004 8391735957915918175 7005 7006 7007 7008 7009 7010 7011 7012 8391735957915918175 7013 7014 7015 7016 8391735957915918175 7017 7018 7019 7020 0 0 0 0 0 0 0 0 0 0 
8001 31294524180489268 8002 31294524180489268 8003 8004 31294524180489268 8005 8006 8007 8008 8009 8010 8011 8012 31294524180489268 8013 8014 8015 8016 31294524180489268 8017 8018 8019 8020 0 0 0 0 0 0 0 0 0 0 
65536 65536 65536 65536 65536 65536 65536 65536 65536 65536 65536 65536 65536 65536 65536 65536 65536 65536 65536 65536 65536 65536 65536 65536 65536 65536 65536 65536 65536 65536 65536 65536 65536 65536 65536 
9001 0 9002 0 9003 9004 0 9005 9006 9007 9008 9009 9010 9011 9012 0 9013 9014 9015 9016 0 9017 9018 9019 9020 0 0 0 0 0 0 0 0 0 0 
10001 0 10002 0 10003 10004 0 10005 10006 10007 10008 10009 10010 10011 10012 0 10013 10014 10015 10016 0 10017 10018 10019 10020 0 0 0 0 0 0 0 0 0 0 
11001 0 11002 0 11003 11004 0 11005 11006 11007 11008 11009 11010 11011 11012 0 11013 11014 11015 11016 0 11017 11018 11019 11020 0 0 0 0 0 0 0 0 0 0 
12001 0 12002 0 12003 12004 0 12005 12006 12007 12008 12009 12010 12011 12012 0 12013 12014 12015 12016 0 12017 12018 12019 12020 0 0 0 0 0 0 0 0 0 0 
65536 65536 65536 65536 65536 65536 65536 65536 65536 65536 65536 65536 65536 65536 65536 65536 65536 65536 65536 65536 65536 65536 65536 65536 65536 65536 65536 65536 65536 65536 65536 65536 65536 65536 65536 
13001 0 13002 0 13003 13004 0 13005 13006 13007 13008 13009 13010 13011 13012 0 13013 13014 13015 13016 0 13017 13018 13019 13020 0 0 0 0 0 0 0 0 0 0 
65536 65536 65536 65536 65536 65536 65536 65536 65536 65536 65536 65536 65536 65536 65536 65536 65536 65536 65536 65536 65536 65536 65536 65536 65536 65536 65536 65536 65536 65536 65536 65536 65536 65536 65536 
14001 0 14002 0 14003 14004 0 14005 14006 14007 14008 14009 14010 14011 14012 0 14013 14014 14015 14016 0 14017 14018 14019 14020 0 0 0 0 0 0 0 0 0 0 
65536 65536 65536 65536 65536 65536 65536 65536 72057598332895496 65536 65536 65536 65536 65536 65536 65536 65536 65536 65536 65536 65536 65536 65536 65536 65536 65536 65536 65536 65536 65536 65536 65536 65536 65536 65536 
15001 0 15002 0 15003 15004 0 15005 15006 15007 15008 15009 15010 15011 15012 0 15013 15014 15015 15016 0 15017 15018 15019 15020 0 0 0 0 0 0 0 0 0 0 
16001 0 16002 0 16003 16004 0 16005 16006 16007 16008 16009 16010 16011 16012 0 16013 16014 16015 16016 0 16017 16018 16019 16020 0 0 0 0 0 0 0 0 0 0 
17001 0 17002 0 17003 17004 0 17005 17006 17007 17008 17009 17010 17011 17012 0 17013 17014 17015 17016 0 17017 17018 17019 17020 0 0 0 0 0 0 0 0 0 0 
18001 0 18002 0 18003 18004 0 18005 18006 18007 18008 18009 18010 18011 18012 0 18013 18014 18015 18016 0 18017 18018 18019 18020 0 0 0 0 0 0 0 0 0 0 
19001 0 19002 0 19003 19004 0 19005 19006 19007 19008 19009 19010 19011 19012 0 19013 19014 19015 19016 0 19017 19018 19019 19020 0 0 0 0 0 0 0 0 0 0 
20001 0 20002 0 20003 20004 0 20005 20006 20007 20008 20009 20010 20011 20012 0 20013 20014 20015 20016 0 20017 20018 20019 20020 0 0 0 0 0 0 0 0 0 0 
0 0 0 0 0 0 0 0 0 0 0 0 0 0 0 0 0 0 0 0 0 0 0 0 0 0 0 0 0 0 0 0 0 0 0 
0 0 0 0 0 0 0 0 0 0 0 0 0 0 0 0 0 0 0 0 0 0 0 0 0 0 0 0 0 0 0 0 0 0 0 
0 0 0 0 0 0 0 0 0 0 0 0 0 0 0 0 0 0 0 0 0 0 0 0 0 0 0 0 0 0 0 0 0 0 0 
0 0 0 0 0 0 0 0 0 0 0 0 0 0 0 0 0 0 0 0 0 0 0 0 0 0 0 0 0 0 0 0 0 0 0 
0 0 0 0 0 0 0 0 0 0 0 0 0 0 0 0 0 0 0 0 0 0 0 0 0 0 0 0 0 0 0 0 0 0 0 
0 0 0 0 0 0 0 0 0 0 0 0 0 0 0 0 0 0 0 0 0 0 0 0 0 0 0 0 0 0 0 0 0 0 0 
0 0 0 0 0 0 0 0 0 0 0 0 0 0 0 0 0 0 0 0 0 0 0 0 0 0 0 0 0 0 0 0 0 0 0 
0 0 0 0 0 0 0 0 0 0 0 0 0 0 0 0 0 0 0 0 0 0 0 0 0 0 0 0 0 0 0 0 0 0 0 
0 0 0 0 0 0 0 0 0 0 0 0 0 0 0 0 0 0 0 0 0 0 0 0 0 0 0 0 0 0 0 0 0 0 0 
0 0 0 0 0 0 0 0 0 0 0 0 0 0 0 0 0 0 0 0 0 0 0 0 0 0 0 0 0 0 0 0 0 0 0 
0 0 0 0 0 0 0 0 0 0 0 0 0 0 0 0 0 0 0 0 0 0 0 0 0 0 0 0 0 0 0 0 0 0 0 
IR 18
0 0 0 0 0 0 0 0 0 0 0 0 0 0 0 0 0 1 0 0 0 0 0 0 0 0 0 0 0 0 0 0 0 0 0 0 0 0 0 0 0 0 0 0 0 0 0 0 0 0 
1001 65536 1002 65536 1003 1004 65536 1005 1006 1007 1008 1009 1010 1011 1012 65536 1013 1014 1015 1016 65536 1017 1018 1019 1020 0 0 0 0 0 0 0 0 0 0 
2001 85899345940 2002 85899345940 2003 2004 85899345940 2005 2006 2007 2008 2009 2010 2011 2012 85899345940 2013 2014 2015 2016 85899345940 2017 2018 2019 2020 0 0 0 0 0 0 0 0 0 0 
3001 7156346742989407076 3002 7156346742989407076 3003 3004 7156346742989407076 3005 3006 3007 3008 3009 3010 3011 3012 7156346742989407076 3013 3014 3015 3016 7156346742989407076 3017 3018 3019 3020 0 0 0 0 0 0 0 0 0 0 
4001 1254130451096 4002 1254130451096 4003 4004 1254130451096 4005 4006 4007 4008 4009 4010 4011 4012 1254130451096 4013 4014 4015 4016 1254130451096 4017 4018 4019 4020 0 0 0 0 0 0 0 0 0 0 
5001 137438954389 5002 137438954389 5003 5004 137438954389 5005 5006 5007 5008 5009 5010 5011 5012 137438954389 5013 5014 5015 5016 137438954389 5017 5018 5019 5020 0 0 0 0 0 0 0 0 0 0 
6001 65536 6002 72057598332895496 6003 6004 72057598332895496 6005 6006 6007 6008 6009 6010 6011 6012 72057598332895496 6013 6014 6015 6016 72057598332895496 6017 6018 6019 6020 0 0 0 0 0 0 0 0 0 0 
7001 8391735957915918175 7002 8391735957915918175 7003 7004 8391735957915918175 7005 7006 7007 7008 7009 7010 7011 7012 8391735957915918175 7013 7014 7015 7016 8391735957915918175 7017 7018 7019 7020 0 0 0 0 0 0 0 0 0 0 
8001 31294524180489268 8002 31294524180489268 8003 8004 31294524180489268 8005 8006 8007 8008 8009 8010 8011 8012 31294524180489268 8013 8014 8015 8016 31294524180489268 8017 8018 8019 8020 0 0 0 0 0 0 0 0 0 0 
65536 65536 65536 65536 65536 65536 65536 65536 65536 65536 65536 65536 65536 65536 65536 65536 65536 65536 65536 65536 65536 65536 65536 65536 65536 65536 65536 65536 65536 65536 65536 65536 65536 65536 65536 
9001 0 9002 0 9003 9004 0 9005 9006 9007 9008 9009 9010 9011 9012 0 9013 9014 9015 9016 0 9017 9018 9019 9020 0 0 0 0 0 0 0 0 0 0 
10001 0 10002 0 10003 10004 0 10005 10006 10007 10008 10009 10010 10011 10012 0 10013 10014 10015 10016 0 10017 10018 10019 10020 0 0 0 0 0 0 0 0 0 0 
11001 0 11002 0 11003 11004 0 11005 11006 11007 11008 11009 11010 11011 11012 0 11013 11014 11015 11016 0 11017 11018 11019 11020 0 0 0 0 0 0 0 0 0 0 
12001 0 12002 0 12003 12004 0 12005 12006 12007 12008 12009 12010 12011 12012 0 12013 12014 12015 12016 0 12017 12018 12019 12020 0 0 0 0 0 0 0 0 0 0 
65536 65536 65536 65536 65536 65536 65536 65536 65536 65536 65536 65536 65536 65536 65536 65536 65536 65536 65536 65536 65536 65536 65536 65536 65536 65536 65536 65536 65536 65536 65536 65536 65536 65536 65536 
13001 0 13002 0 13003 13004 0 13005 13006 13007 13008 13009 13010 13011 13012 0 13013 13014 13015 13016 0 13017 13018 13019 13020 0 0 0 0 0 0 0 0 0 0 
65536 65536 65536 65536 65536 65536 65536 65536 65536 65536 65536 65536 65536 65536 65536 65536 65536 65536 65536 65536 65536 65536 65536 65536 65536 65536 65536 65536 65536 65536 65536 65536 65536 65536 65536 
14001 0 14002 0 14003 14004 0 14005 14006 14007 14008 14009 14010 14011 14012 0 14013 14014 14015 14016 0 14017 14018 14019 14020 0 0 0 0 0 0 0 0 0 0 
65536 65536 65536 65536 65536 65536 65536 65536 65536 65536 65536 65536 65536 65536 65536 65536 65536 65536 65536 65536 65536 65536 65536 65536 65536 65536 65536 65536 65536 65536 65536 65536 65536 65536 65536 
65536 65536 65536 65536 65536 65536 65536 65536 72057598332895496 65536 65536 65536 65536 65536 65536 65536 65536 65536 65536 65536 65536 65536 65536 65536 65536 65536 65536 65536 65536 65536 65536 65536 65536 65536 65536 
15001 0 15002 0 15003 15004 0 15005 15006 15007 15008 15009 15010 15011 15012 0 15013 15014 15015 15016 0 15017 15018 15019 15020 0 0 0 0 0 0 0 0 0 0 
16001 0 16002 0 16003 16004 0 16005 16006 16007 16008 16009 16010 16011 16012 0 16013 16014 16015 16016 0 16017 16018 16019 16020 0 0 0 0 0 0 0 0 0 0 
0 0 0 0 0 0 0 0 0 0 0 0 0 0 0 0 0 0 0 0 0 0 0 0 0 0 0 0 0 0 0 0 0 0 0 
0 0 0 0 0 0 0 0 0 0 0 0 0 0 0 0 0 0 0 0 0 0 0 0 0 0 0 0 0 0 0 0 0 0 0 
0 0 0 0 0 0 0 0 0 0 0 0 0 0 0 0 0 0 0 0 0 0 0 0 0 0 0 0 0 0 0 0 0 0 0 
0 0 0 0 0 0 0 0 0 0 0 0 0 0 0 0 0 0 0 0 0 0 0 0 0 0 0 0 0 0 0 0 0 0 0 
0 0 0 0 0 0 0 0 0 0 0 0 0 0 0 0 0 0 0 0 0 0 0 0 0 0 0 0 0 0 0 0 0 0 0 
0 0 0 0 0 0 0 0 0 0 0 0 0 0 0 0 0 0 0 0 0 0 0 0 0 0 0 0 0 0 0 0 0 0 0 
0 0 0 0 0 0 0 0 0 0 0 0 0 0 0 0 0 0 0 0 0 0 0 0 0 0 0 0 0 0 0 0 0 0 0 
0 0 0 0 0 0 0 0 0 0 0 0 0 0 0 0 0 0 0 0 0 0 0 0 0 0 0 0 0 0 0 0 0 0 0 
0 0 0 0 0 0 0 0 0 0 0 0 0 0 0 0 0 0 0 0 0 0 0 0 0 0 0 0 0 0 0 0 0 0 0 
0 0 0 0 0 0 0 0 0 0 0 0 0 0 0 0 0 0 0 0 0 0 0 0 0 0 0 0 0 0 0 0 0 0 0 
0 0 0 0 0 0 0 0 0 0 0 0 0 0 0 0 0 0 0 0 0 0 0 0 0 0 0 0 0 0 0 0 0 0 0 
0 0 0 0 0 0 0 0 0 0 0 0 0 0 0 0 0 0 0 0 0 0 0 0 0 0 0 0 0 0 0 0 0 0 0 
0 0 0 0 0 0 0 0 0 0 0 0 0 0 0 0 0 0 0 0 0 0 0 0 0 0 0 0 0 0 0 0 0 0 0 
0 0 0 0 0 0 0 0 0 0 0 0 0 0 0 0 0 0 0 0 0 0 0 0 0 0 0 0 0 0 0 0 0 0 0 
IR 19 20 4 7 23
0 0 0 1 0 0 1 0 0 0 0 0 0 0 0 0 0 0 1 1 0 0 1 0 0 0 0 0 0 0 0 0 0 0 0 0 0 0 0 0 0 0 0 0 0 0 0 0 0 0 
1001 65536 1002 65536 1003 1004 65536 1005 1006 1007 1008 1009 1010 1011 1012 65536 1013 1014 1015 1016 65536 1017 1018 1019 1020 0 0 0 0 0 0 0 0 0 0 
2001 85899345940 2002 85899345940 2003 2004 85899345940 2005 2006 2007 2008 2009 2010 2011 2012 85899345940 2013 2014 2015 2016 85899345940 2017 2018 2019 2020 0 0 0 0 0 0 0 0 0 0 
3001 7156346742989407076 3002 7156346742989407076 3003 3004 7156346742989407076 3005 3006 3007 3008 3009 3010 3011 3012 7156346742989407076 3013 3014 3015 3016 7156346742989407076 3017 3018 3019 3020 0 0 0 0 0 0 0 0 0 0 
65536 65536 65536 65536 65536 65536 65536 65536 65536 65536 65536 65536 65536 65536 65536 65536 65536 65536 65536 65536 65536 65536 65536 65536 65536 65536 65536 65536 65536 65536 65536 65536 65536 65536 65536 
4001 1254130451096 4002 1254130451096 4003 4004 1254130451096 4005 4006 4007 4008 4009 4010 4011 4012 1254130451096 4013 4014 4015 4016 1254130451096 4017 4018 4019 4020 0 0 0 0 0 0 0 0 0 0 
5001 137438954389 5002 137438954389 5003 5004 137438954389 5005 5006 5007 5008 5009 5010 5011 5012 137438954389 5013 5014 5015 5016 137438954389 5017 5018 5019 5020 0 0 0 0 0 0 0 0 0 0 
6001 65536 6002 72057598332895496 6003 6004 72057598332895496 6005 6006 6007 6008 6009 6010 6011 6012 72057598332895496 6013 6014 6015 6016 72057598332895496 6017 6018 6019 6020 0 0 0 0 0 0 0 0 0 0 
65536 65536 65536 65536 65536 65536 65536 65536 65536 65536 65536 65536 65536 65536 65536 65536 65536 65536 65536 65536 65536 65536 65536 65536 65536 65536 65536 65536 65536 65536 65536 65536 65536 65536 65536 
7001 8391735957915918175 7002 8391735957915918175 7003 7004 8391735957915918175 7005 7006 7007 7008 7009 7010 7011 7012 8391735957915918175 7013 7014 7015 7016 8391735957915918175 7017 7018 7019 7020 0 0 0 0 0 0 0 0 0 0 
8001 31294524180489268 8002 31294524180489268 8003 8004 31294524180489268 8005 8006 8007 8008 8009 8010 8011 8012 31294524180489268 8013 8014 8015 8016 31294524180489268 8017 8018 8019 8020 0 0 0 0 0 0 0 0 0 0 
65536 65536 65536 65536 65536 65536 65536 65536 65536 65536 65536 65536 65536 65536 65536 65536 65536 65536 65536 65536 65536 65536 65536 65536 65536 65536 65536 65536 65536 65536 65536 65536 65536 65536 65536 
9001 0 9002 0 9003 9004 0 9005 9006 9007 9008 9009 9010 9011 9012 0 9013 9014 9015 9016 0 9017 9018 9019 9020 0 0 0 0 0 0 0 0 0 0 
10001 0 10002 0 10003 10004 0 10005 10006 10007 10008 10009 10010 10011 10012 0 10013 10014 10015 10016 0 10017 10018 10019 10020 0 0 0 0 0 0 0 0 0 0 
11001 0 11002 0 11003 11004 0 11005 11006 11007 11008 11009 11010 11011 11012 0 11013 11014 11015 11016 0 11017 11018 11019 11020 0 0 0 0 0 0 0 0 0 0 
12001 0 12002 0 12003 12004 0 12005 12006 12007 12008 12009 12010 12011 12012 0 12013 12014 12015 12016 0 12017 12018 12019 12020 0 0 0 0 0 0 0 0 0 0 
65536 65536 65536 65536 65536 65536 65536 65536 65536 65536 65536 65536 65536 65536 65536 65536 65536 65536 65536 65536 65536 65536 65536 65536 65536 65536 65536 65536 65536 65536 65536 65536 65536 65536 65536 
13001 0 13002 0 13003 13004 0 13005 13006 13007 13008 13009 13010 13011 13012 0 13013 13014 13015 13016 0 13017 13018 13019 13020 0 0 0 0 0 0 0 0 0 0 
65536 65536 65536 65536 65536 65536 65536 65536 65536 65536 65536 65536 65536 65536 65536 65536 65536 65536 65536 65536 65536 65536 65536 65536 65536 65536 65536 65536 65536 65536 65536 65536 65536 65536 65536 
14001 0 14002 0 14003 14004 0 14005 14006 14007 14008 14009 14010 14011 14012 0 14013 14014 14015 14016 0 14017 14018 14019 14020 0 0 0 0 0 0 0 0 0 0 
65536 65536 65536 65536 65536 65536 65536 65536 65536 65536 65536 65536 65536 65536 65536 65536 65536 65536 65536 65536 65536 65536 65536 65536 65536 65536 65536 65536 65536 65536 65536 65536 65536 65536 65536 
65536 65536 65536 65536 65536 65536 65536 65536 65536 65536 65536 65536 65536 65536 65536 65536 65536 65536 65536 65536 65536 65536 65536 65536 65536 65536 65536 65536 65536 65536 65536 65536 65536 65536 65536 
65536 65536 65536 65536 65536 65536 65536 65536 72057598332895496 65536 65536 65536 65536 65536 65536 65536 65536 65536 65536 65536 65536 65536 65536 65536 65536 65536 65536 65536 65536 65536 65536 65536 65536 65536 65536 
65536 65536 65536 65536 65536 65536 65536 65536 65536 65536 65536 65536 65536 65536 65536 65536 65536 65536 65536 65536 65536 65536 65536 65536 65536 65536 65536 65536 65536 65536 65536 65536 65536 65536 65536 
15001 0 15002 0 15003 15004 0 15005 15006 15007 15008 15009 15010 15011 15012 0 15013 15014 15015 15016 0 15017 15018 15019 15020 0 0 0 0 0 0 0 0 0 0 
0 0 0 0 0 0 0 0 0 0 0 0 0 0 0 0 0 0 0 0 0 0 0 0 0 0 0 0 0 0 0 0 0 0 0 
0 0 0 0 0 0 0 0 0 0 0 0 0 0 0 0 0 0 0 0 0 0 0 0 0 0 0 0 0 0 0 0 0 0 0 
0 0 0 0 0 0 0 0 0 0 0 0 0 0 0 0 0 0 0 0 0 0 0 0 0 0 0 0 0 0 0 0 0 0 0 
0 0 0 0 0 0 0 0 0 0 0 0 0 0 0 0 0 0 0 0 0 0 0 0 0 0 0 0 0 0 0 0 0 0 0 
0 0 0 0 0 0 0 0 0 0 0 0 0 0 0 0 0 0 0 0 0 0 0 0 0 0 0 0 0 0 0 0 0 0 0 
0 0 0 0 0 0 0 0 0 0 0 0 0 0 0 0 0 0 0 0 0 0 0 0 0 0 0 0 0 0 0 0 0 0 0 
0 0 0 0 0 0 0 0 0 0 0 0 0 0 0 0 0 0 0 0 0 0 0 0 0 0 0 0 0 0 0 0 0 0 0 
0 0 0 0 0 0 0 0 0 0 0 0 0 0 0 0 0 0 0 0 0 0 0 0 0 0 0 0 0 0 0 0 0 0 0 
0 0 0 0 0 0 0 0 0 0 0 0 0 0 0 0 0 0 0 0 0 0 0 0 0 0 0 0 0 0 0 0 0 0 0 
0 0 0 0 0 0 0 0 0 0 0 0 0 0 0 0 0 0 0 0 0 0 0 0 0 0 0 0 0 0 0 0 0 0 0 
0 0 0 0 0 0 0 0 0 0 0 0 0 0 0 0 0 0 0 0 0 0 0 0 0 0 0 0 0 0 0 0 0 0 0 
DC 1 16
1 0 0 0 0 0 0 0 0 0 0 0 0 0 0 1 0 0 0 0 0 0 0 0 0 0 0 0 0 0 0 0 0 0 0 0 0 0 0 0 0 0 0 0 0 0 0 0 0 0 
65536 1002 65536 1003 1004 65536 1005 1006 1007 1008 1009 1010 1011 1012 1013 1014 1015 1016 0 0 0 0 0 0 0 0 0 0 0 0 0 0 0 0 0 
85899345940 2002 85899345940 2003 2004 85899345940 2005 2006 2007 2008 2009 2010 2011 2012 2013 2014 2015 2016 0 0 0 0 0 0 0 0 0 0 0 0 0 0 0 0 0 
7156346742989407076 3002 7156346742989407076 3003 3004 7156346742989407076 3005 3006 3007 3008 3009 3010 3011 3012 3013 3014 3015 3016 0 0 0 0 0 0 0 0 0 0 0 0 0 0 0 0 0 
65536 65536 65536 65536 65536 65536 65536 65536 65536 65536 65536 65536 65536 65536 65536 65536 65536 65536 0 0 0 0 0 0 0 0 0 0 0 0 0 0 0 0 0 
1254130451096 4002 1254130451096 4003 4004 1254130451096 4005 4006 4007 4008 4009 4010 4011 4012 4013 4014 4015 4016 0 0 0 0 0 0 0 0 0 0 0 0 0 0 0 0 0 
137438954389 5002 137438954389 5003 5004 137438954389 5005 5006 5007 5008 5009 5010 5011 5012 5013 5014 5015 5016 0 0 0 0 0 0 0 0 0 0 0 0 0 0 0 0 0 
65536 6002 72057598332895496 6003 6004 72057598332895496 6005 6006 6007 6008 6009 6010 6011 6012 6013 6014 6015 6016 0 0 0 0 0 0 0 0 0 0 0 0 0 0 0 0 0 
65536 65536 65536 65536 65536 65536 65536 65536 65536 65536 65536 65536 65536 65536 65536 65536 65536 65536 0 0 0 0 0 0 0 0 0 0 0 0 0 0 0 0 0 
8391735957915918175 7002 8391735957915918175 7003 7004 8391735957915918175 7005 7006 7007 7008 7009 7010 7011 7012 7013 7014 7015 7016 0 0 0 0 0 0 0 0 0 0 0 0 0 0 0 0 0 
31294524180489268 8002 31294524180489268 8003 8004 31294524180489268 8005 8006 8007 8008 8009 8010 8011 8012 8013 8014 8015 8016 0 0 0 0 0 0 0 0 0 0 0 0 0 0 0 0 0 
65536 65536 65536 65536 65536 65536 65536 65536 65536 65536 65536 65536 65536 65536 65536 65536 65536 65536 0 0 0 0 0 0 0 0 0 0 0 0 0 0 0 0 0 
0 9002 0 9003 9004 0 9005 9006 9007 9008 9009 9010 9011 9012 9013 9014 9015 9016 0 0 0 0 0 0 0 0 0 0 0 0 0 0 0 0 0 
0 10002 0 10003 10004 0 10005 10006 10007 10008 10009 10010 10011 10012 10013 10014 10015 10016 0 0 0 0 0 0 0 0 0 0 0 0 0 0 0 0 0 
0 11002 0 11003 11004 0 11005 11006 11007 11008 11009 11010 11011 11012 11013 11014 11015 11016 0 0 0 0 0 0 0 0 0 0 0 0 0 0 0 0 0 
0 12002 0 12003 12004 0 12005 12006 12007 12008 12009 12010 12011 12012 12013 12014 12015 12016 0 0 0 0 0 0 0 0 0 0 0 0 0 0 0 0 0 
65536 65536 65536 65536 65536 65536 65536 65536 65536 65536 65536 65536 65536 65536 65536 65536 65536 65536 0 0 0 0 0 0 0 0 0 0 0 0 0 0 0 0 0 
0 13002 0 13003 13004 0 13005 13006 13007 13008 13009 13010 13011 13012 13013 13014 13015 13016 0 0 0 0 0 0 0 0 0 0 0 0 0 0 0 0 0 
65536 65536 65536 65536 65536 65536 65536 65536 65536 65536 65536 65536 65536 65536 65536 65536 65536 65536 0 0 0 0 0 0 0 0 0 0 0 0 0 0 0 0 0 
0 14002 0 14003 14004 0 14005 14006 14007 14008 14009 14010 14011 14012 14013 14014 14015 14016 0 0 0 0 0 0 0 0 0 0 0 0 0 0 0 0 0 
65536 65536 65536 65536 65536 65536 65536 65536 65536 65536 65536 65536 65536 65536 65536 65536 65536 65536 0 0 0 0 0 0 0 0 0 0 0 0 0 0 0 0 0 
65536 65536 65536 65536 65536 65536 65536 65536 65536 65536 65536 65536 65536 65536 65536 65536 65536 65536 0 0 0 0 0 0 0 0 0 0 0 0 0 0 0 0 0 
65536 65536 65536 65536 65536 65536 65536 72057598332895496 65536 65536 65536 65536 65536 65536 65536 65536 65536 65536 0 0 0 0 0 0 0 0 0 0 0 0 0 0 0 0 0 
65536 65536 65536 65536 65536 65536 65536 65536 65536 65536 65536 65536 65536 65536 65536 65536 65536 65536 0 0 0 0 0 0 0 0 0 0 0 0 0 0 0 0 0 
0 15002 0 15003 15004 0 15005 15006 15007 15008 15009 15010 15011 15012 15013 15014 15015 15016 0 0 0 0 0 0 0 0 0 0 0 0 0 0 0 0 0 
0 0 0 0 0 0 0 0 0 0 0 0 0 0 0 0 0 0 0 0 0 0 0 0 0 0 0 0 0 0 0 0 0 0 0 
0 0 0 0 0 0 0 0 0 0 0 0 0 0 0 0 0 0 0 0 0 0 0 0 0 0 0 0 0 0 0 0 0 0 0 
0 0 0 0 0 0 0 0 0 0 0 0 0 0 0 0 0 0 0 0 0 0 0 0 0 0 0 0 0 0 0 0 0 0 0 
0 0 0 0 0 0 0 0 0 0 0 0 0 0 0 0 0 0 0 0 0 0 0 0 0 0 0 0 0 0 0 0 0 0 0 
0 0 0 0 0 0 0 0 0 0 0 0 0 0 0 0 0 0 0 0 0 0 0 0 0 0 0 0 0 0 0 0 0 0 0 
0 0 0 0 0 0 0 0 0 0 0 0 0 0 0 0 0 0 0 0 0 0 0 0 0 0 0 0 0 0 0 0 0 0 0 
0 0 0 0 0 0 0 0 0 0 0 0 0 0 0 0 0 0 0 0 0 0 0 0 0 0 0 0 0 0 0 0 0 0 0 
0 0 0 0 0 0 0 0 0 0 0 0 0 0 0 0 0 0 0 0 0 0 0 0 0 0 0 0 0 0 0 0 0 0 0 
0 0 0 0 0 0 0 0 0 0 0 0 0 0 0 0 0 0 0 0 0 0 0 0 0 0 0 0 0 0 0 0 0 0 0 
0 0 0 0 0 0 0 0 0 0 0 0 0 0 0 0 0 0 0 0 0 0 0 0 0 0 0 0 0 0 0 0 0 0 0 
0 0 0 0 0 0 0 0 0 0 0 0 0 0 0 0 0 0 0 0 0 0 0 0 0 0 0 0 0 0 0 0 0 0 0 
DR 17 22
0 0 0 0 0 0 0 0 0 0 0 0 0 0 0 0 1 0 0 0 0 1 0 0 0 0 0 0 0 0 0 0 0 0 0 0 0 0 0 0 0 0 0 0 0 0 0 0 0 0 
65536 1002 65536 1003 1004 65536 1005 1006 1007 1008 1009 1010 1011 1012 1013 1014 1015 1016 0 0 0 0 0 0 0 0 0 0 0 0 0 0 0 0 0 
85899345940 2002 85899345940 2003 2004 85899345940 2005 2006 2007 2008 2009 2010 2011 2012 2013 2014 2015 2016 0 0 0 0 0 0 0 0 0 0 0 0 0 0 0 0 0 
7156346742989407076 3002 7156346742989407076 3003 3004 7156346742989407076 3005 3006 3007 3008 3009 3010 3011 3012 3013 3014 3015 3016 0 0 0 0 0 0 0 0 0 0 0 0 0 0 0 0 0 
65536 65536 65536 65536 65536 65536 65536 65536 65536 65536 65536 65536 65536 65536 65536 65536 65536 65536 0 0 0 0 0 0 0 0 0 0 0 0 0 0 0 0 0 
1254130451096 4002 1254130451096 4003 4004 1254130451096 4005 4006 4007 4008 4009 4010 4011 4012 4013 4014 4015 4016 0 0 0 0 0 0 0 0 0 0 0 0 0 0 0 0 0 
137438954389 5002 137438954389 5003 5004 137438954389 5005 5006 5007 5008 5009 5010 5011 5012 5013 5014 5015 5016 0 0 0 0 0 0 0 0 0 0 0 0 0 0 0 0 0 
65536 6002 72057598332895496 6003 6004 72057598332895496 6005 6006 6007 6008 6009 6010 6011 6012 6013 6014 6015 6016 0 0 0 0 0 0 0 0 0 0 0 0 0 0 0 0 0 
65536 65536 65536 65536 65536 65536 65536 65536 65536 65536 65536 65536 65536 65536 65536 65536 65536 65536 0 0 0 0 0 0 0 0 0 0 0 0 0 0 0 0 0 
8391735957915918175 7002 8391735957915918175 7003 7004 8391735957915918175 7005 7006 7007 7008 7009 7010 7011 7012 7013 7014 7015 7016 0 0 0 0 0 0 0 0 0 0 0 0 0 0 0 0 0 
31294524180489268 8002 31294524180489268 8003 8004 31294524180489268 8005 8006 8007 8008 8009 8010 8011 8012 8013 8014 8015 8016 0 0 0 0 0 0 0 0 0 0 0 0 0 0 0 0 0 
65536 65536 65536 65536 65536 65536 65536 65536 65536 65536 65536 65536 65536 65536 65536 65536 65536 65536 0 0 0 0 0 0 0 0 0 0 0 0 0 0 0 0 0 
0 9002 0 9003 9004 0 9005 9006 9007 9008 9009 9010 9011 9012 9013 9014 9015 9016 0 0 0 0 0 0 0 0 0 0 0 0 0 0 0 0 0 
0 10002 0 10003 10004 0 10005 10006 10007 10008 10009 10010 10011 10012 10013 10014 10015 10016 0 0 0 0 0 0 0 0 0 0 0 0 0 0 0 0 0 
0 11002 0 11003 11004 0 11005 11006 11007 11008 11009 11010 11011 11012 11013 11014 11015 11016 0 0 0 0 0 0 0 0 0 0 0 0 0 0 0 0 0 
0 12002 0 12003 12004 0 12005 12006 12007 12008 12009 12010 12011 12012 12013 12014 12015 12016 0 0 0 0 0 0 0 0 0 0 0 0 0 0 0 0 0 
65536 65536 65536 65536 65536 65536 65536 65536 65536 65536 65536 65536 65536 65536 65536 65536 65536 65536 0 0 0 0 0 0 0 0 0 0 0 0 0 0 0 0 0 
65536 65536 65536 65536 65536 65536 65536 65536 65536 65536 65536 65536 65536 65536 65536 65536 65536 65536 0 0 0 0 0 0 0 0 0 0 0 0 0 0 0 0 0 
0 14002 0 14003 14004 0 14005 14006 14007 14008 14009 14010 14011 14012 14013 14014 14015 14016 0 0 0 0 0 0 0 0 0 0 0 0 0 0 0 0 0 
65536 65536 65536 65536 65536 65536 65536 65536 65536 65536 65536 65536 65536 65536 65536 65536 65536 65536 0 0 0 0 0 0 0 0 0 0 0 0 0 0 0 0 0 
0 0 0 0 0 0 0 0 0 0 0 0 0 0 0 0 0 0 0 0 0 0 0 0 0 0 0 0 0 0 0 0 0 0 0 
0 0 0 0 0 0 0 0 0 0 0 0 0 0 0 0 0 0 0 0 0 0 0 0 0 0 0 0 0 0 0 0 0 0 0 
0 0 0 0 0 0 0 0 0 0 0 0 0 0 0 0 0 0 0 0 0 0 0 0 0 0 0 0 0 0 0 0 0 0 0 
0 0 0 0 0 0 0 0 0 0 0 0 0 0 0 0 0 0 0 0 0 0 0 0 0 0 0 0 0 0 0 0 0 0 0 
0 0 0 0 0 0 0 0 0 0 0 0 0 0 0 0 0 0 0 0 0 0 0 0 0 0 0 0 0 0 0 0 0 0 0 
0 0 0 0 0 0 0 0 0 0 0 0 0 0 0 0 0 0 0 0 0 0 0 0 0 0 0 0 0 0 0 0 0 0 0 
0 0 0 0 0 0 0 0 0 0 0 0 0 0 0 0 0 0 0 0 0 0 0 0 0 0 0 0 0 0 0 0 0 0 0 
0 0 0 0 0 0 0 0 0 0 0 0 0 0 0 0 0 0 0 0 0 0 0 0 0 0 0 0 0 0 0 0 0 0 0 
0 0 0 0 0 0 0 0 0 0 0 0 0 0 0 0 0 0 0 0 0 0 0 0 0 0 0 0 0 0 0 0 0 0 0 
0 0 0 0 0 0 0 0 0 0 0 0 0 0 0 0 0 0 0 0 0 0 0 0 0 0 0 0 0 0 0 0 0 0 0 
0 0 0 0 0 0 0 0 0 0 0 0 0 0 0 0 0 0 0 0 0 0 0 0 0 0 0 0 0 0 0 0 0 0 0 
0 0 0 0 0 0 0 0 0 0 0 0 0 0 0 0 0 0 0 0 0 0 0 0 0 0 0 0 0 0 0 0 0 0 0 
0 0 0 0 0 0 0 0 0 0 0 0 0 0 0 0 0 0 0 0 0 0 0 0 0 0 0 0 0 0 0 0 0 0 0 
0 0 0 0 0 0 0 0 0 0 0 0 0 0 0 0 0 0 0 0 0 0 0 0 0 0 0 0 0 0 0 0 0 0 0 
0 0 0 0 0 0 0 0 0 0 0 0 0 0 0 0 0 0 0 0 0 0 0 0 0 0 0 0 0 0 0 0 0 0 0 
0 0 0 0 0 0 0 0 0 0 0 0 0 0 0 0 0 0 0 0 0 0 0 0 0 0 0 0 0 0 0 0 0 0 0 
DC 20 15 4 17 6
0 0 0 1 0 1 0 0 0 0 0 0 0 0 1 0 1 0 0 1 0 0 0 0 0 0 0 0 0 0 0 0 0 0 0 0 0 0 0 0 0 0 0 0 0 0 0 0 0 0 
65536 1002 65536 1004 1005 1006 1007 1008 1009 1010 1011 1012 1014 1016 0 0 0 0 0 0 0 0 0 0 0 0 0 0 0 0 0 0 0 0 0 
85899345940 2002 85899345940 2004 2005 2006 2007 2008 2009 2010 2011 2012 2014 2016 0 0 0 0 0 0 0 0 0 0 0 0 0 0 0 0 0 0 0 0 0 
7156346742989407076 3002 7156346742989407076 3004 3005 3006 3007 3008 3009 3010 3011 3012 3014 3016 0 0 0 0 0 0 0 0 0 0 0 0 0 0 0 0 0 0 0 0 0 
65536 65536 65536 65536 65536 65536 65536 65536 65536 65536 65536 65536 65536 65536 0 0 0 0 0 0 0 0 0 0 0 0 0 0 0 0 0 0 0 0 0 
1254130451096 4002 1254130451096 4004 4005 4006 4007 4008 4009 4010 4011 4012 4014 4016 0 0 0 0 0 0 0 0 0 0 0 0 0 0 0 0 0 0 0 0 0 
137438954389 5002 137438954389 5004 5005 5006 5007 5008 5009 5010 5011 5012 5014 5016 0 0 0 0 0 0 0 0 0 0 0 0 0 0 0 0 0 0 0 0 0 
65536 6002 72057598332895496 6004 6005 6006 6007 6008 6009 6010 6011 6012 6014 6016 0 0 0 0 0 0 0 0 0 0 0 0 0 0 0 0 0 0 0 0 0 
65536 65536 65536 65536 65536 65536 65536 65536 65536 65536 65536 65536 65536 65536 0 0 0 0 0 0 0 0 0 0 0 0 0 0 0 0 0 0 0 0 0 
8391735957915918175 7002 8391735957915918175 7004 7005 7006 7007 7008 7009 7010 7011 7012 7014 7016 0 0 0 0 0 0 0 0 0 0 0 0 0 0 0 0 0 0 0 0 0 
31294524180489268 8002 31294524180489268 8004 8005 8006 8007 8008 8009 8010 8011 8012 8014 8016 0 0 0 0 0 0 0 0 0 0 0 0 0 0 0 0 0 0 0 0 0 
65536 65536 65536 65536 65536 65536 65536 65536 65536 65536 65536 65536 65536 65536 0 0 0 0 0 0 0 0 0 0 0 0 0 0 0 0 0 0 0 0 0 
0 9002 0 9004 9005 9006 9007 9008 9009 9010 9011 9012 9014 9016 0 0 0 0 0 0 0 0 0 0 0 0 0 0 0 0 0 0 0 0 0 
0 10002 0 10004 10005 10006 10007 10008 10009 10010 10011 10012 10014 10016 0 0 0 0 0 0 0 0 0 0 0 0 0 0 0 0 0 0 0 0 0 
0 11002 0 11004 11005 11006 11007 11008 11009 11010 11011 11012 11014 11016 0 0 0 0 0 0 0 0 0 0 0 0 0 0 0 0 0 0 0 0 0 
0 12002 0 12004 12005 12006 12007 12008 12009 12010 12011 12012 12014 12016 0 0 0 0 0 0 0 0 0 0 0 0 0 0 0 0 0 0 0 0 0 
65536 65536 65536 65536 65536 65536 65536 65536 65536 65536 65536 65536 65536 65536 0 0 0 0 0 0 0 0 0 0 0 0 0 0 0 0 0 0 0 0 0 
65536 65536 65536 65536 65536 65536 65536 65536 65536 65536 65536 65536 65536 65536 0 0 0 0 0 0 0 0 0 0 0 0 0 0 0 0 0 0 0 0 0 
0 14002 0 14004 14005 14006 14007 14008 14009 14010 14011 14012 14014 14016 0 0 0 0 0 0 0 0 0 0 0 0 0 0 0 0 0 0 0 0 0 
65536 65536 65536 65536 65536 65536 65536 65536 65536 65536 65536 65536 65536 65536 0 0 0 0 0 0 0 0 0 0 0 0 0 0 0 0 0 0 0 0 0 
0 0 0 0 0 0 0 0 0 0 0 0 0 0 0 0 0 0 0 0 0 0 0 0 0 0 0 0 0 0 0 0 0 0 0 
0 0 0 0 0 0 0 0 0 0 0 0 0 0 0 0 0 0 0 0 0 0 0 0 0 0 0 0 0 0 0 0 0 0 0 
0 0 0 0 0 0 0 0 0 0 0 0 0 0 0 0 0 0 0 0 0 0 0 0 0 0 0 0 0 0 0 0 0 0 0 
0 0 0 0 0 0 0 0 0 0 0 0 0 0 0 0 0 0 0 0 0 0 0 0 0 0 0 0 0 0 0 0 0 0 0 
0 0 0 0 0 0 0 0 0 0 0 0 0 0 0 0 0 0 0 0 0 0 0 0 0 0 0 0 0 0 0 0 0 0 0 
0 0 0 0 0 0 0 0 0 0 0 0 0 0 0 0 0 0 0 0 0 0 0 0 0 0 0 0 0 0 0 0 0 0 0 
0 0 0 0 0 0 0 0 0 0 0 0 0 0 0 0 0 0 0 0 0 0 0 0 0 0 0 0 0 0 0 0 0 0 0 
0 0 0 0 0 0 0 0 0 0 0 0 0 0 0 0 0 0 0 0 0 0 0 0 0 0 0 0 0 0 0 0 0 0 0 
0 0 0 0 0 0 0 0 0 0 0 0 0 0 0 0 0 0 0 0 0 0 0 0 0 0 0 0 0 0 0 0 0 0 0 
0 0 0 0 0 0 0 0 0 0 0 0 0 0 0 0 0 0 0 0 0 0 0 0 0 0 0 0 0 0 0 0 0 0 0 
0 0 0 0 0 0 0 0 0 0 0 0 0 0 0 0 0 0 0 0 0 0 0 0 0 0 0 0 0 0 0 0 0 0 0 
0 0 0 0 0 0 0 0 0 0 0 0 0 0 0 0 0 0 0 0 0 0 0 0 0 0 0 0 0 0 0 0 0 0 0 
0 0 0 0 0 0 0 0 0 0 0 0 0 0 0 0 0 0 0 0 0 0 0 0 0 0 0 0 0 0 0 0 0 0 0 
0 0 0 0 0 0 0 0 0 0 0 0 0 0 0 0 0 0 0 0 0 0 0 0 0 0 0 0 0 0 0 0 0 0 0 
0 0 0 0 0 0 0 0 0 0 0 0 0 0 0 0 0 0 0 0 0 0 0 0 0 0 0 0 0 0 0 0 0 0 0 
0 0 0 0 0 0 0 0 0 0 0 0 0 0 0 0 0 0 0 0 0 0 0 0 0 0 0 0 0 0 0 0 0 0 0 
IR 1 5 4 16
1 0 0 1 1 0 0 0 0 0 0 0 0 0 0 1 0 0 0 0 0 0 0 0 0 0 0 0 0 0 0 0 0 0 0 0 0 0 0 0 0 0 0 0 0 0 0 0 0 0 
65536 65536 65536 65536 65536 65536 65536 65536 65536 65536 65536 65536 65536 65536 65536 65536 65536 65536 65536 65536 65536 65536 65536 65536 65536 65536 65536 65536 65536 65536 65536 65536 65536 65536 65536 
65536 1002 65536 1004 1005 1006 1007 1008 1009 1010 1011 1012 1014 1016 0 0 0 0 0 0 0 0 0 0 0 0 0 0 0 0 0 0 0 0 0 
85899345940 2002 85899345940 2004 2005 2006 2007 2008 2009 2010 2011 2012 2014 2016 0 0 0 0 0 0 0 0 0 0 0 0 0 0 0 0 0 0 0 0 0 
7156346742989407076 3002 7156346742989407076 3004 3005 3006 3007 3008 3009 3010 3011 3012 3014 3016 0 0 0 0 0 0 0 0 0 0 0 0 0 0 0 0 0 0 0 0 0 
65536 65536 65536 65536 65536 65536 65536 65536 65536 65536 65536 65536 65536 65536 65536 65536 65536 65536 65536 65536 65536 65536 65536 65536 65536 65536 65536 65536 65536 65536 65536 65536 65536 65536 65536 
65536 65536 65536 65536 65536 65536 65536 65536 65536 65536 65536 65536 65536 65536 0 0 0 0 0 0 0 0 0 0 0 0 0 0 0 0 0 0 0 0 0 
65536 65536 65536 65536 65536 65536 65536 65536 65536 65536 65536 65536 65536 65536 65536 65536 65536 65536 65536 65536 65536 65536 65536 65536 65536 65536 65536 65536 65536 65536 65536 65536 65536 65536 65536 
1254130451096 4002 1254130451096 4004 4005 4006 4007 4008 4009 4010 4011 4012 4014 4016 0 0 0 0 0 0 0 0 0 0 0 0 0 0 0 0 0 0 0 0 0 
137438954389 5002 137438954389 5004 5005 5006 5007 5008 5009 5010 5011 5012 5014 5016 0 0 0 0 0 0 0 0 0 0 0 0 0 0 0 0 0 0 0 0 0 
65536 6002 72057598332895496 6004 6005 6006 6007 6008 6009 6010 6011 6012 6014 6016 0 0 0 0 0 0 0 0 0 0 0 0 0 0 0 0 0 0 0 0 0 
65536 65536 65536 65536 65536 65536 65536 65536 65536 65536 65536 65536 65536 65536 0 0 0 0 0 0 0 0 0 0 0 0 0 0 0 0 0 0 0 0 0 
8391735957915918175 7002 8391735957915918175 7004 7005 7006 7007 7008 7009 7010 7011 7012 7014 7016 0 0 0 0 0 0 0 0 0 0 0 0 0 0 0 0 0 0 0 0 0 
31294524180489268 8002 31294524180489268 8004 8005 8006 8007 8008 8009 8010 8011 8012 8014 8016 0 0 0 0 0 0 0 0 0 0 0 0 0 0 0 0 0 0 0 0 0 
65536 65536 65536 65536 65536 65536 65536 65536 65536 65536 65536 65536 65536 65536 0 0 0 0 0 0 0 0 0 0 0 0 0 0 0 0 0 0 0 0 0 
0 9002 0 9004 9005 9006 9007 9008 9009 9010 9011 9012 9014 9016 0 0 0 0 0 0 0 0 0 0 0 0 0 0 0 0 0 0 0 0 0 
0 10002 0 10004 10005 10006 10007 10008 10009 10010 10011 10012 10014 10016 0 0 0 0 0 0 0 0 0 0 0 0 0 0 0 0 0 0 0 0 0 
0 11002 0 11004 11005 11006 11007 11008 11009 11010 11011 11012 11014 11016 0 0 0 0 0 0 0 0 0 0 0 0 0 0 0 0 0 0 0 0 0 
0 12002 0 12004 12005 12006 12007 12008 12009 12010 12011 12012 12014 12016 0 0 0 0 0 0 0 0 0 0 0 0 0 0 0 0 0 0 0 0 0 
65536 65536 65536 65536 65536 65536 65536 65536 65536 65536 65536 65536 65536 65536 65536 65536 65536 65536 65536 65536 65536 65536 65536 65536 65536 65536 65536 65536 65536 65536 65536 65536 65536 65536 65536 
65536 65536 65536 65536 65536 65536 65536 65536 65536 65536 65536 65536 65536 65536 0 0 0 0 0 0 0 0 0 0 0 0 0 0 0 0 0 0 0 0 0 
65536 65536 65536 65536 65536 65536 65536 65536 65536 65536 65536 65536 65536 65536 0 0 0 0 0 0 0 0 0 0 0 0 0 0 0 0 0 0 0 0 0 
0 14002 0 14004 14005 14006 14007 14008 14009 14010 14011 14012 14014 14016 0 0 0 0 0 0 0 0 0 0 0 0 0 0 0 0 0 0 0 0 0 
65536 65536 65536 65536 65536 65536 65536 65536 65536 65536 65536 65536 65536 65536 0 0 0 0 0 0 0 0 0 0 0 0 0 0 0 0 0 0 0 0 0 
0 0 0 0 0 0 0 0 0 0 0 0 0 0 0 0 0 0 0 0 0 0 0 0 0 0 0 0 0 0 0 0 0 0 0 
0 0 0 0 0 0 0 0 0 0 0 0 0 0 0 0 0 0 0 0 0 0 0 0 0 0 0 0 0 0 0 0 0 0 0 
0 0 0 0 0 0 0 0 0 0 0 0 0 0 0 0 0 0 0 0 0 0 0 0 0 0 0 0 0 0 0 0 0 0 0 
0 0 0 0 0 0 0 0 0 0 0 0 0 0 0 0 0 0 0 0 0 0 0 0 0 0 0 0 0 0 0 0 0 0 0 
0 0 0 0 0 0 0 0 0 0 0 0 0 0 0 0 0 0 0 0 0 0 0 0 0 0 0 0 0 0 0 0 0 0 0 
0 0 0 0 0 0 0 0 0 0 0 0 0 0 0 0 0 0 0 0 0 0 0 0 0 0 0 0 0 0 0 0 0 0 0 
0 0 0 0 0 0 0 0 0 0 0 0 0 0 0 0 0 0 0 0 0 0 0 0 0 0 0 0 0 0 0 0 0 0 0 
0 0 0 0 0 0 0 0 0 0 0 0 0 0 0 0 0 0 0 0 0 0 0 0 0 0 0 0 0 0 0 0 0 0 0 
0 0 0 0 0 0 0 0 0 0 0 0 0 0 0 0 0 0 0 0 0 0 0 0 0 0 0 0 0 0 0 0 0 0 0 
0 0 0 0 0 0 0 0 0 0 0 0 0 0 0 0 0 0 0 0 0 0 0 0 0 0 0 0 0 0 0 0 0 0 0 
0 0 0 0 0 0 0 0 0 0 0 0 0 0 0 0 0 0 0 0 0 0 0 0 0 0 0 0 0 0 0 0 0 0 0 
0 0 0 0 0 0 0 0 0 0 0 0 0 0 0 0 0 0 0 0 0 0 0 0 0 0 0 0 0 0 0 0 0 0 0 
EX 21 16 15 13 0 10016 10016 0
65536 65536 65536 65536 65536 65536 65536 65536 65536 65536 65536 65536 65536 65536 65536 65536 65536 65536 65536 65536 65536 65536 65536 65536 65536 65536 65536 65536 65536 65536 65536 65536 65536 65536 65536 
65536 1002 65536 1004 1005 1006 1007 1008 1009 1010 1011 1012 1014 1016 0 0 0 0 0 0 0 0 0 0 0 0 0 0 0 0 0 0 0 0 0 
85899345940 2002 85899345940 2004 2005 2006 2007 2008 2009 2010 2011 2012 2014 2016 0 0 0 0 0 0 0 0 0 0 0 0 0 0 0 0 0 0 0 0 0 
7156346742989407076 3002 7156346742989407076 3004 3005 3006 3007 3008 3009 3010 3011 3012 3014 3016 0 0 0 0 0 0 0 0 0 0 0 0 0 0 0 0 0 0 0 0 0 
65536 65536 65536 65536 65536 65536 65536 65536 65536 65536 65536 65536 65536 65536 65536 65536 65536 65536 65536 65536 65536 65536 65536 65536 65536 65536 65536 65536 65536 65536 65536 65536 65536 65536 65536 
65536 65536 65536 65536 65536 65536 65536 65536 65536 65536 65536 65536 65536 65536 0 0 0 0 0 0 0 0 0 0 0 0 0 0 0 0 0 0 0 0 0 
65536 65536 65536 65536 65536 65536 65536 65536 65536 65536 65536 65536 65536 65536 65536 65536 65536 65536 65536 65536 65536 65536 65536 65536 65536 65536 65536 65536 65536 65536 65536 65536 65536 65536 65536 
1254130451096 4002 1254130451096 4004 4005 4006 4007 4008 4009 4010 4011 4012 4014 4016 0 0 0 0 0 0 0 0 0 0 0 0 0 0 0 0 0 0 0 0 0 
137438954389 5002 137438954389 5004 5005 5006 5007 5008 5009 5010 5011 5012 5014 5016 0 0 0 0 0 0 0 0 0 0 0 0 0 0 0 0 0 0 0 0 0 
65536 6002 72057598332895496 6004 6005 6006 6007 6008 6009 6010 6011 6012 6014 6016 0 0 0 0 0 0 0 0 0 0 0 0 0 0 0 0 0 0 0 0 0 
65536 65536 65536 65536 65536 65536 65536 65536 65536 65536 65536 65536 65536 65536 0 0 0 0 0 0 0 0 0 0 0 0 0 0 0 0 0 0 0 0 0 
8391735957915918175 7002 8391735957915918175 7004 7005 7006 7007 7008 7009 7010 7011 7012 7014 7016 0 0 0 0 0 0 0 0 0 0 0 0 0 0 0 0 0 0 0 0 0 
31294524180489268 8002 31294524180489268 8004 8005 8006 8007 8008 8009 8010 8011 8012 8014 8016 0 0 0 0 0 0 0 0 0 0 0 0 0 0 0 0 0 0 0 0 0 
65536 65536 65536 65536 65536 65536 65536 65536 65536 65536 65536 65536 65536 65536 0 0 0 0 0 0 0 0 0 0 0 0 0 0 0 0 0 0 0 0 0 
0 9002 0 9004 9005 9006 9007 9008 9009 9010 9011 9012 9014 9016 0 0 0 0 0 0 0 0 0 0 0 0 0 0 0 0 0 0 0 0 0 
0 10002 0 10004 10005 10006 10007 10008 10009 10010 10011 10012 10014 0 0 0 0 0 0 0 0 0 0 0 0 0 0 0 0 0 0 0 0 0 0 
0 11002 0 11004 11005 11006 11007 11008 11009 11010 11011 11012 11014 11016 0 0 0 0 0 0 0 0 0 0 0 0 0 0 0 0 0 0 0 0 0 
0 12002 0 12004 12005 12006 12007 12008 12009 12010 12011 12012 12014 12016 0 0 0 0 0 0 0 0 0 0 0 0 0 0 0 0 0 0 0 0 0 
65536 65536 65536 65536 65536 65536 65536 65536 65536 65536 65536 65536 65536 65536 65536 65536 65536 65536 65536 65536 65536 65536 65536 65536 65536 65536 65536 65536 65536 65536 65536 65536 65536 65536 65536 
65536 65536 65536 65536 65536 65536 65536 65536 65536 65536 65536 65536 65536 65536 0 0 0 0 0 0 0 0 0 0 0 0 0 0 0 0 0 0 0 0 0 
65536 65536 65536 65536 65536 65536 65536 65536 65536 65536 65536 65536 65536 65536 0 0 0 0 0 0 0 0 0 0 0 0 0 0 0 0 0 0 0 0 0 
0 14002 0 14004 14005 14006 14007 14008 14009 14010 14011 14012 14014 14016 0 0 10016 0 0 0 0 0 0 0 0 0 0 0 0 0 0 0 0 0 0 
65536 65536 65536 65536 65536 65536 65536 65536 65536 65536 65536 65536 65536 65536 0 0 0 0 0 0 0 0 0 0 0 0 0 0 0 0 0 0 0 0 0 
0 0 0 0 0 0 0 0 0 0 0 0 0 0 0 0 0 0 0 0 0 0 0 0 0 0 0 0 0 0 0 0 0 0 0 
0 0 0 0 0 0 0 0 0 0 0 0 0 0 0 0 0 0 0 0 0 0 0 0 0 0 0 0 0 0 0 0 0 0 0 
0 0 0 0 0 0 0 0 0 0 0 0 0 0 0 0 0 0 0 0 0 0 0 0 0 0 0 0 0 0 0 0 0 0 0 
0 0 0 0 0 0 0 0 0 0 0 0 0 0 0 0 0 0 0 0 0 0 0 0 0 0 0 0 0 0 0 0 0 0 0 
0 0 0 0 0 0 0 0 0 0 0 0 0 0 0 0 0 0 0 0 0 0 0 0 0 0 0 0 0 0 0 0 0 0 0 
0 0 0 0 0 0 0 0 0 0 0 0 0 0 0 0 0 0 0 0 0 0 0 0 0 0 0 0 0 0 0 0 0 0 0 
0 0 0 0 0 0 0 0 0 0 0 0 0 0 0 0 0 0 0 0 0 0 0 0 0 0 0 0 0 0 0 0 0 0 0 
0 0 0 0 0 0 0 0 0 0 0 0 0 0 0 0 0 0 0 0 0 0 0 0 0 0 0 0 0 0 0 0 0 0 0 
0 0 0 0 0 0 0 0 0 0 0 0 0 0 0 0 0 0 0 0 0 0 0 0 0 0 0 0 0 0 0 0 0 0 0 
0 0 0 0 0 0 0 0 0 0 0 0 0 0 0 0 0 0 0 0 0 0 0 0 0 0 0 0 0 0 0 0 0 0 0 
0 0 0 0 0 0 0 0 0 0 0 0 0 0 0 0 0 0 0 0 0 0 0 0 0 0 0 0 0 0 0 0 0 0 0 
0 0 0 0 0 0 0 0 0 0 0 0 0 0 0 0 0 0 0 0 0 0 0 0 0 0 0 0 0 0 0 0 0 0 0 
The final work sheet is :
There are 100 queries!
Cell data in (3, 14) moved to (4, 13)
Cell data in (7, 4) moved to (12, 4)
Cell data in (9, 9) moved to (15, 9)
Cell data in (15, 15) GONE
Cell data in (12, 11) moved to (18, 11)
Cell data in (13, 13) GONE
Cell data in (17, 2) GONE
Cell data in (10, 11) moved to (16, 11)
Cell data in (12, 7) moved to (18, 7)
Cell data in (14, 2) GONE
Cell data in (14, 16) GONE
Cell data in (11, 16) moved to (17, 14)
Cell data in (5, 11) moved to (9, 11)
Cell data in (12, 16) moved to (18, 14)
Cell data in (4, 20) GONE
Cell data in (12, 20) GONE
Cell data in (2, 10) moved to (3, 10)
Cell data in (19, 8) GONE
Cell data in (1, 8) moved to (2, 8)
Cell data in (16, 6) GONE
Cell data in (6, 10) moved to (10, 10)
Cell data in (15, 16) GONE
Cell data in (2, 14) moved to (3, 13)
Cell data in (4, 2) moved to (8, 2)
Cell data in (8, 10) moved to (13, 10)
Cell data in (16, 17) GONE
Cell data in (9, 2) moved to (15, 2)
Cell data in (13, 14) GONE
Cell data in (4, 10) moved to (8, 10)
Cell data in (16, 11) GONE
Cell data in (9, 10) moved to (15, 10)
Cell data in (6, 19) GONE
Cell data in (6, 16) moved to (10, 14)
Cell data in (4, 7) moved to (8, 7)
Cell data in (10, 12) moved to (16, 12)
Cell data in (3, 20) GONE
Cell data in (15, 9) GONE
Cell data in (17, 11) GONE
Cell data in (14, 20) GONE
Cell data in (16, 11) GONE
Cell data in (19, 4) GONE
Cell data in (12, 2) moved to (18, 2)
Cell data in (16, 15) GONE
Cell data in (13, 13) GONE
Cell data in (13, 10) GONE
Cell data in (7, 9) moved to (12, 9)
Cell data in (8, 4) moved to (13, 4)
Cell data in (2, 12) moved to (3, 12)
Cell data in (14, 5) GONE
Cell data in (9, 17) GONE
Cell data in (8, 14) moved to (13, 13)
Cell data in (9, 6) moved to (15, 6)
Cell data in (3, 7) moved to (4, 7)
Cell data in (13, 12) GONE
Cell data in (15, 7) GONE
Cell data in (10, 5) moved to (16, 5)
Cell data in (15, 12) GONE
Cell data in (6, 14) moved to (10, 13)
Cell data in (1, 2) moved to (2, 2)
Cell data in (18, 5) GONE
Cell data in (9, 6) moved to (15, 6)
Cell data in (7, 19) GONE
Cell data in (2, 6) moved to (3, 6)
Cell data in (1, 5) moved to (2, 5)
Cell data in (17, 9) GONE
Cell data in (20, 12) GONE
Cell data in (15, 17) GONE
Cell data in (8, 1) GONE
Cell data in (4, 6) moved to (8, 6)
Cell data in (15, 12) GONE
Cell data in (15, 2) GONE
Cell data in (9, 8) moved to (15, 8)
Cell data in (15, 20) GONE
Cell data in (17, 1) GONE
Cell data in (14, 9) GONE
Cell data in (4, 5) moved to (8, 5)
Cell data in (19, 12) GONE
Cell data in (16, 4) GONE
Cell data in (11, 16) moved to (17, 14)
Cell data in (9, 12) moved to (15, 12)
Cell data in (12, 2) moved to (18, 2)
Cell data in (14, 10) GONE
Cell data in (4, 15) GONE
Cell data in (16, 6) GONE
Cell data in (5, 6) moved to (9, 6)
Cell data in (2, 2) moved to (3, 2)
Cell data in (7, 18) GONE
Cell data in (17, 11) GONE
Cell data in (1, 14) moved to (2, 13)
Cell data in (12, 14) moved to (18, 13)
Cell data in (14, 7) GONE
Cell data in (10, 15) GONE
Cell data in (16, 15) GONE
Cell data in (18, 12) GONE
Cell data in (6, 14) moved to (10, 13)
Cell data in (17, 15) GONE
Cell data in (6, 4) moved to (10, 4)
Cell data in (2, 4) moved to (3, 4)
Cell data in (12, 10) moved to (18, 10)
Cell data in (20, 9) GONE
